Determining if the pthread_create exist failed with the following output:
Change Dir: /home/anishpawar/Git/stiffmeister/ROS/catkin_ws/build/CMakeFiles/CMakeTmp

Run Build Command:"/usr/bin/make" "cmTC_8b197/fast"
/usr/bin/make -f CMakeFiles/cmTC_8b197.dir/build.make CMakeFiles/cmTC_8b197.dir/build
make[1]: Entering directory '/home/anishpawar/Git/stiffmeister/ROS/catkin_ws/build/CMakeFiles/CMakeTmp'
Building C object CMakeFiles/cmTC_8b197.dir/CheckSymbolExists.c.o
/usr/bin/cc    -o CMakeFiles/cmTC_8b197.dir/CheckSymbolExists.c.o   -c /home/anishpawar/Git/stiffmeister/ROS/catkin_ws/build/CMakeFiles/CMakeTmp/CheckSymbolExists.c
Linking C executable cmTC_8b197
/usr/bin/cmake -E cmake_link_script CMakeFiles/cmTC_8b197.dir/link.txt --verbose=1
/usr/bin/cc      -rdynamic CMakeFiles/cmTC_8b197.dir/CheckSymbolExists.c.o  -o cmTC_8b197 
CMakeFiles/cmTC_8b197.dir/CheckSymbolExists.c.o: In function `main':
CheckSymbolExists.c:(.text+0x1b): undefined reference to `pthread_create'
collect2: error: ld returned 1 exit status
CMakeFiles/cmTC_8b197.dir/build.make:97: recipe for target 'cmTC_8b197' failed
make[1]: *** [cmTC_8b197] Error 1
make[1]: Leaving directory '/home/anishpawar/Git/stiffmeister/ROS/catkin_ws/build/CMakeFiles/CMakeTmp'
Makefile:126: recipe for target 'cmTC_8b197/fast' failed
make: *** [cmTC_8b197/fast] Error 2

File /home/anishpawar/Git/stiffmeister/ROS/catkin_ws/build/CMakeFiles/CMakeTmp/CheckSymbolExists.c:
/* */
#include <pthread.h>

int main(int argc, char** argv)
{
  (void)argv;
#ifndef pthread_create
  return ((int*)(&pthread_create))[argc];
#else
  (void)argc;
  return 0;
#endif
}

Determining if the function pthread_create exists in the pthreads failed with the following output:
Change Dir: /home/anishpawar/Git/stiffmeister/ROS/catkin_ws/build/CMakeFiles/CMakeTmp

Run Build Command:"/usr/bin/make" "cmTC_48201/fast"
/usr/bin/make -f CMakeFiles/cmTC_48201.dir/build.make CMakeFiles/cmTC_48201.dir/build
make[1]: Entering directory '/home/anishpawar/Git/stiffmeister/ROS/catkin_ws/build/CMakeFiles/CMakeTmp'
Building C object CMakeFiles/cmTC_48201.dir/CheckFunctionExists.c.o
/usr/bin/cc   -DCHECK_FUNCTION_EXISTS=pthread_create   -o CMakeFiles/cmTC_48201.dir/CheckFunctionExists.c.o   -c /usr/share/cmake-3.10/Modules/CheckFunctionExists.c
Linking C executable cmTC_48201
/usr/bin/cmake -E cmake_link_script CMakeFiles/cmTC_48201.dir/link.txt --verbose=1
/usr/bin/cc  -DCHECK_FUNCTION_EXISTS=pthread_create    -rdynamic CMakeFiles/cmTC_48201.dir/CheckFunctionExists.c.o  -o cmTC_48201 -lpthreads 
/usr/bin/ld: cannot find -lpthreads
collect2: error: ld returned 1 exit status
CMakeFiles/cmTC_48201.dir/build.make:97: recipe for target 'cmTC_48201' failed
make[1]: *** [cmTC_48201] Error 1
make[1]: Leaving directory '/home/anishpawar/Git/stiffmeister/ROS/catkin_ws/build/CMakeFiles/CMakeTmp'
Makefile:126: recipe for target 'cmTC_48201/fast' failed
make: *** [cmTC_48201/fast] Error 2


